<?xml version="1.0" encoding="UTF-8"?>
<testsuite name="AppTest" tests="1" skipped="0" failures="0" errors="0" timestamp="2023-03-31T03:50:09" hostname="ana-PRESARIO-CQ-23" time="0.018">
  <properties/>
  <testcase name="testAppHasAGreeting" classname="AppTest" time="0.018"/>
  <system-out><![CDATA[]]></system-out>
  <system-err><![CDATA[]]></system-err>
</testsuite>
