<?xml version="1.0" encoding="UTF-8"?>
<testsuite name="PessoaTest" tests="1" skipped="0" failures="0" errors="0" timestamp="2023-03-31T01:11:51" hostname="ana-PRESARIO-CQ-23" time="0.289">
  <properties/>
  <testcase name="validarCalculoDeIdade" classname="PessoaTest" time="0.289"/>
  <system-out><![CDATA[]]></system-out>
  <system-err><![CDATA[]]></system-err>
</testsuite>
